0 info it worked if it ends with ok
1 verbose cli [ 'node', '/usr/local/bin/npm', 'start' ]
2 info using npm@2.5.1
3 info using node@v0.12.1
4 verbose run-script [ 'prestart', 'start', 'poststart' ]
5 info prestart panorama@0.5.2
6 info start panorama@0.5.2
7 verbose unsafe-perm in lifecycle true
8 info panorama@0.5.2 Failed to exec start script
9 verbose stack Error: panorama@0.5.2 start: `node server.js`
9 verbose stack Exit status 1
9 verbose stack     at EventEmitter.<anonymous> (/usr/local/lib/node_modules/npm/lib/utils/lifecycle.js:213:16)
9 verbose stack     at EventEmitter.emit (events.js:110:17)
9 verbose stack     at ChildProcess.<anonymous> (/usr/local/lib/node_modules/npm/lib/utils/spawn.js:14:12)
9 verbose stack     at ChildProcess.emit (events.js:110:17)
9 verbose stack     at maybeClose (child_process.js:1008:16)
9 verbose stack     at Process.ChildProcess._handle.onexit (child_process.js:1080:5)
10 verbose pkgid panorama@0.5.2
11 verbose cwd /Users/tyler.fawcett/Documents/panorama
12 error Darwin 14.0.0
13 error argv "node" "/usr/local/bin/npm" "start"
14 error node v0.12.1
15 error npm  v2.5.1
16 error code ELIFECYCLE
17 error panorama@0.5.2 start: `node server.js`
17 error Exit status 1
18 error Failed at the panorama@0.5.2 start script 'node server.js'.
18 error This is most likely a problem with the panorama package,
18 error not with npm itself.
18 error Tell the author that this fails on your system:
18 error     node server.js
18 error You can get their info via:
18 error     npm owner ls panorama
18 error There is likely additional logging output above.
19 verbose exit [ 1, true ]
